4-assembly/android/mixc-retail-assembly-rn84/android/app/build/intermediates/manifest_merge_blame_file/release/processReleaseMainManifest/manifest-merger-blame-release-report.txt
1<?xml version="1.0" encoding="utf-8"?>
2<manifest xmlns:android="http://schemas.android.com/apk/res/android"
3    package="com.impos2.mixcretailassemblyrn84"
4    android:versionCode="8"
5    android:versionName="1.0.0" >
6
7    <uses-sdk
8        android:minSdkVersion="24"
9        android:targetSdkVersion="36" />
10
11    <uses-permission android:name="android.permission.INTERNET" />
11-->src/main/AndroidManifest.xml:2:3-65
11-->src/main/AndroidManifest.xml:2:20-62
12    <uses-permission android:name="android.permission.POST_NOTIFICATIONS" />
12-->src/main/AndroidManifest.xml:3:3-75
12-->src/main/AndroidManifest.xml:3:20-72
13    <uses-permission android:name="android.permission.CAMERA" />
13-->[:adapter-android-v2] AndroidManifest.xml:7:5-65
13-->[:adapter-android-v2] AndroidManifest.xml:7:22-62
14    <uses-permission android:name="android.permission.FOREGROUND_SERVICE" />
14-->[:adapter-android-v2] AndroidManifest.xml:8:5-77
14-->[:adapter-android-v2] AndroidManifest.xml:8:22-74
15    <uses-permission android:name="android.permission.FOREGROUND_SERVICE_DATA_SYNC" />
15-->[:adapter-android-v2] AndroidManifest.xml:9:5-87
15-->[:adapter-android-v2] AndroidManifest.xml:9:22-84
16
17    <uses-feature
17-->[:adapter-android-v2] AndroidManifest.xml:11:5-13:36
18        android:name="android.hardware.camera"
18-->[:adapter-android-v2] AndroidManifest.xml:12:9-47
19        android:required="false" />
19-->[:adapter-android-v2] AndroidManifest.xml:13:9-33
20
21    <permission
21-->[androidx.core:core:1.13.1] AndroidManifest.xml:22:5-24:47
22        android:name="com.impos2.mixcretailassemblyrn84.DYNAMIC_RECEIVER_NOT_EXPORTED_PERMISSION"
22-->[androidx.core:core:1.13.1] AndroidManifest.xml:23:9-81
23        android:protectionLevel="signature" />
23-->[androidx.core:core:1.13.1] AndroidManifest.xml:24:9-44
24
25    <uses-permission android:name="com.impos2.mixcretailassemblyrn84.DYNAMIC_RECEIVER_NOT_EXPORTED_PERMISSION" /> <!-- Although the *SdkVersion is captured in gradle build files, this is required for non gradle builds -->
25-->[androidx.core:core:1.13.1] AndroidManifest.xml:26:5-97
25-->[androidx.core:core:1.13.1] AndroidManifest.xml:26:22-94
26    <!-- <uses-sdk android:minSdkVersion="14"/> -->
27    <uses-permission android:name="android.permission.ACCESS_NETWORK_STATE" />
27-->[com.google.android.datatransport:transport-backend-cct:2.3.3] AndroidManifest.xml:25:5-79
27-->[com.google.android.datatransport:transport-backend-cct:2.3.3] AndroidManifest.xml:25:22-76
28
29    <application
29-->src/main/AndroidManifest.xml:5:3-38:17
30        android:name="com.impos2.mixcretailassemblyrn84.MainApplication"
30-->src/main/AndroidManifest.xml:6:5-36
31        android:allowBackup="false"
31-->src/main/AndroidManifest.xml:10:5-32
32        android:appComponentFactory="androidx.core.app.CoreComponentFactory"
32-->[androidx.core:core:1.13.1] AndroidManifest.xml:28:18-86
33        android:extractNativeLibs="false"
34        android:hardwareAccelerated="true"
34-->src/main/AndroidManifest.xml:14:5-39
35        android:icon="@mipmap/ic_launcher"
35-->src/main/AndroidManifest.xml:8:5-39
36        android:label="@string/app_name"
36-->src/main/AndroidManifest.xml:7:5-37
37        android:largeHeap="true"
37-->src/main/AndroidManifest.xml:15:5-29
38        android:networkSecurityConfig="@xml/network_security_config"
38-->src/main/AndroidManifest.xml:13:5-65
39        android:roundIcon="@mipmap/ic_launcher_round"
39-->src/main/AndroidManifest.xml:9:5-50
40        android:supportsRtl="true"
40-->src/main/AndroidManifest.xml:16:5-31
41        android:theme="@style/AppTheme"
41-->src/main/AndroidManifest.xml:11:5-36
42        android:usesCleartextTraffic="true" >
42-->src/main/AndroidManifest.xml:12:5-40
43        <activity
43-->src/main/AndroidManifest.xml:17:5-29:16
44            android:name="com.impos2.mixcretailassemblyrn84.MainActivity"
44-->src/main/AndroidManifest.xml:18:7-35
45            android:configChanges="keyboard|keyboardHidden|orientation|screenLayout|screenSize|smallestScreenSize|uiMode"
45-->src/main/AndroidManifest.xml:20:7-116
46            android:exported="true"
46-->src/main/AndroidManifest.xml:24:7-30
47            android:label="@string/app_name"
47-->src/main/AndroidManifest.xml:19:7-39
48            android:launchMode="singleTask"
48-->src/main/AndroidManifest.xml:21:7-38
49            android:theme="@style/LaunchTheme"
49-->src/main/AndroidManifest.xml:23:7-41
50            android:windowSoftInputMode="adjustResize" >
50-->src/main/AndroidManifest.xml:22:7-49
51            <intent-filter>
51-->src/main/AndroidManifest.xml:25:7-28:23
52                <action android:name="android.intent.action.MAIN" />
52-->src/main/AndroidManifest.xml:26:9-61
52-->src/main/AndroidManifest.xml:26:17-58
53
54                <category android:name="android.intent.category.LAUNCHER" />
54-->src/main/AndroidManifest.xml:27:9-69
54-->src/main/AndroidManifest.xml:27:19-66
55            </intent-filter>
56        </activity>
57        <activity
57-->src/main/AndroidManifest.xml:31:5-37:34
58            android:name="com.impos2.mixcretailassemblyrn84.SecondaryActivity"
58-->src/main/AndroidManifest.xml:32:7-40
59            android:configChanges="keyboard|keyboardHidden|orientation|screenLayout|screenSize|smallestScreenSize|uiMode"
59-->src/main/AndroidManifest.xml:33:7-116
60            android:exported="false"
60-->src/main/AndroidManifest.xml:37:7-31
61            android:process=":secondary"
61-->src/main/AndroidManifest.xml:36:7-35
62            android:theme="@style/AppTheme"
62-->src/main/AndroidManifest.xml:35:7-38
63            android:windowSoftInputMode="adjustResize" />
63-->src/main/AndroidManifest.xml:34:7-49
64        <activity
64-->[:adapter-android-v2] AndroidManifest.xml:16:9-20:66
65            android:name="com.impos2.adapterv2.camera.CameraScanActivity"
65-->[:adapter-android-v2] AndroidManifest.xml:17:13-74
66            android:exported="false"
66-->[:adapter-android-v2] AndroidManifest.xml:18:13-37
67            android:screenOrientation="portrait"
67-->[:adapter-android-v2] AndroidManifest.xml:19:13-49
68            android:theme="@style/Theme.AppCompat.NoActionBar" />
68-->[:adapter-android-v2] AndroidManifest.xml:20:13-63
69        <activity
69-->[:adapter-android-v2] AndroidManifest.xml:21:9-24:75
70            android:name="com.impos2.adapterv2.connector.SystemFilePickerActivity"
70-->[:adapter-android-v2] AndroidManifest.xml:22:13-83
71            android:exported="false"
71-->[:adapter-android-v2] AndroidManifest.xml:23:13-37
72            android:theme="@android:style/Theme.Translucent.NoTitleBar" />
72-->[:adapter-android-v2] AndroidManifest.xml:24:13-72
73
74        <service
74-->[:adapter-android-v2] AndroidManifest.xml:26:9-30:56
75            android:name="com.impos2.adapterv2.topologyhostv3.TopologyHostV3Service"
75-->[:adapter-android-v2] AndroidManifest.xml:27:13-85
76            android:enabled="true"
76-->[:adapter-android-v2] AndroidManifest.xml:28:13-35
77            android:exported="false"
77-->[:adapter-android-v2] AndroidManifest.xml:29:13-37
78            android:foregroundServiceType="dataSync" />
78-->[:adapter-android-v2] AndroidManifest.xml:30:13-53
79        <service
79-->[androidx.camera:camera-camera2:1.3.4] AndroidManifest.xml:24:9-33:19
80            android:name="androidx.camera.core.impl.MetadataHolderService"
80-->[androidx.camera:camera-camera2:1.3.4] AndroidManifest.xml:25:13-75
81            android:enabled="false"
81-->[androidx.camera:camera-camera2:1.3.4] AndroidManifest.xml:26:13-36
82            android:exported="false" >
82-->[androidx.camera:camera-camera2:1.3.4] AndroidManifest.xml:27:13-37
83            <meta-data
83-->[androidx.camera:camera-camera2:1.3.4] AndroidManifest.xml:30:13-32:89
84                android:name="androidx.camera.core.impl.MetadataHolderService.DEFAULT_CONFIG_PROVIDER"
84-->[androidx.camera:camera-camera2:1.3.4] AndroidManifest.xml:31:17-103
85                android:value="androidx.camera.camera2.Camera2Config$DefaultProvider" />
85-->[androidx.camera:camera-camera2:1.3.4] AndroidManifest.xml:32:17-86
86        </service>
87        <service
87-->[com.google.android.gms:play-services-mlkit-barcode-scanning:18.3.1] AndroidManifest.xml:9:9-15:19
88            android:name="com.google.mlkit.common.internal.MlKitComponentDiscoveryService"
88-->[com.google.android.gms:play-services-mlkit-barcode-scanning:18.3.1] AndroidManifest.xml:10:13-91
89            android:directBootAware="true"
89-->[com.google.mlkit:common:18.11.0] AndroidManifest.xml:17:13-43
90            android:exported="false" >
90-->[com.google.android.gms:play-services-mlkit-barcode-scanning:18.3.1] AndroidManifest.xml:11:13-37
91            <meta-data
91-->[com.google.android.gms:play-services-mlkit-barcode-scanning:18.3.1] AndroidManifest.xml:12:13-14:85
92                android:name="com.google.firebase.components:com.google.mlkit.vision.barcode.internal.BarcodeRegistrar"
92-->[com.google.android.gms:play-services-mlkit-barcode-scanning:18.3.1] AndroidManifest.xml:13:17-120
93                android:value="com.google.firebase.components.ComponentRegistrar" />
93-->[com.google.android.gms:play-services-mlkit-barcode-scanning:18.3.1] AndroidManifest.xml:14:17-82
94            <meta-data
94-->[com.google.mlkit:vision-common:17.3.0] AndroidManifest.xml:12:13-14:85
95                android:name="com.google.firebase.components:com.google.mlkit.vision.common.internal.VisionCommonRegistrar"
95-->[com.google.mlkit:vision-common:17.3.0] AndroidManifest.xml:13:17-124
96                android:value="com.google.firebase.components.ComponentRegistrar" />
96-->[com.google.mlkit:vision-common:17.3.0] AndroidManifest.xml:14:17-82
97            <meta-data
97-->[com.google.mlkit:common:18.11.0] AndroidManifest.xml:20:13-22:85
98                android:name="com.google.firebase.components:com.google.mlkit.common.internal.CommonComponentRegistrar"
98-->[com.google.mlkit:common:18.11.0] AndroidManifest.xml:21:17-120
99                android:value="com.google.firebase.components.ComponentRegistrar" />
99-->[com.google.mlkit:common:18.11.0] AndroidManifest.xml:22:17-82
100        </service>
101
102        <provider
102-->[com.google.mlkit:common:18.11.0] AndroidManifest.xml:9:9-13:38
103            android:name="com.google.mlkit.common.internal.MlKitInitProvider"
103-->[com.google.mlkit:common:18.11.0] AndroidManifest.xml:10:13-78
104            android:authorities="com.impos2.mixcretailassemblyrn84.mlkitinitprovider"
104-->[com.google.mlkit:common:18.11.0] AndroidManifest.xml:11:13-69
105            android:exported="false"
105-->[com.google.mlkit:common:18.11.0] AndroidManifest.xml:12:13-37
106            android:initOrder="99" />
106-->[com.google.mlkit:common:18.11.0] AndroidManifest.xml:13:13-35
107
108        <activity
108-->[com.google.android.gms:play-services-base:18.5.0] AndroidManifest.xml:5:9-173
109            android:name="com.google.android.gms.common.api.GoogleApiActivity"
109-->[com.google.android.gms:play-services-base:18.5.0] AndroidManifest.xml:5:19-85
110            android:exported="false"
110-->[com.google.android.gms:play-services-base:18.5.0] AndroidManifest.xml:5:146-170
111            android:theme="@android:style/Theme.Translucent.NoTitleBar" />
111-->[com.google.android.gms:play-services-base:18.5.0] AndroidManifest.xml:5:86-145
112
113        <meta-data
113-->[com.google.android.gms:play-services-basement:18.4.0] AndroidManifest.xml:6:9-122
114            android:name="com.google.android.gms.version"
114-->[com.google.android.gms:play-services-basement:18.4.0] AndroidManifest.xml:6:20-65
115            android:value="@integer/google_play_services_version" />
115-->[com.google.android.gms:play-services-basement:18.4.0] AndroidManifest.xml:6:66-119
116
117        <provider
117-->[androidx.emoji2:emoji2:1.3.0] AndroidManifest.xml:24:9-32:20
118            android:name="androidx.startup.InitializationProvider"
118-->[androidx.emoji2:emoji2:1.3.0] AndroidManifest.xml:25:13-67
119            android:authorities="com.impos2.mixcretailassemblyrn84.androidx-startup"
119-->[androidx.emoji2:emoji2:1.3.0] AndroidManifest.xml:26:13-68
120            android:exported="false" >
120-->[androidx.emoji2:emoji2:1.3.0] AndroidManifest.xml:27:13-37
121            <meta-data
121-->[androidx.emoji2:emoji2:1.3.0] AndroidManifest.xml:29:13-31:52
122                android:name="androidx.emoji2.text.EmojiCompatInitializer"
122-->[androidx.emoji2:emoji2:1.3.0] AndroidManifest.xml:30:17-75
123                android:value="androidx.startup" />
123-->[androidx.emoji2:emoji2:1.3.0] AndroidManifest.xml:31:17-49
124            <meta-data
124-->[androidx.lifecycle:lifecycle-process:2.6.2] AndroidManifest.xml:29:13-31:52
125                android:name="androidx.lifecycle.ProcessLifecycleInitializer"
125-->[androidx.lifecycle:lifecycle-process:2.6.2] AndroidManifest.xml:30:17-78
126                android:value="androidx.startup" />
126-->[androidx.lifecycle:lifecycle-process:2.6.2] AndroidManifest.xml:31:17-49
127            <meta-data
127-->[androidx.profileinstaller:profileinstaller:1.3.1] AndroidManifest.xml:29:13-31:52
128                android:name="androidx.profileinstaller.ProfileInstallerInitializer"
128-->[androidx.profileinstaller:profileinstaller:1.3.1] AndroidManifest.xml:30:17-85
129                android:value="androidx.startup" />
129-->[androidx.profileinstaller:profileinstaller:1.3.1] AndroidManifest.xml:31:17-49
130        </provider>
131
132        <receiver
132-->[androidx.profileinstaller:profileinstaller:1.3.1] AndroidManifest.xml:34:9-52:20
133            android:name="androidx.profileinstaller.ProfileInstallReceiver"
133-->[androidx.profileinstaller:profileinstaller:1.3.1] AndroidManifest.xml:35:13-76
134            android:directBootAware="false"
134-->[androidx.profileinstaller:profileinstaller:1.3.1] AndroidManifest.xml:36:13-44
135            android:enabled="true"
135-->[androidx.profileinstaller:profileinstaller:1.3.1] AndroidManifest.xml:37:13-35
136            android:exported="true"
136-->[androidx.profileinstaller:profileinstaller:1.3.1] AndroidManifest.xml:38:13-36
137            android:permission="android.permission.DUMP" >
137-->[androidx.profileinstaller:profileinstaller:1.3.1] AndroidManifest.xml:39:13-57
138            <intent-filter>
138-->[androidx.profileinstaller:profileinstaller:1.3.1] AndroidManifest.xml:40:13-42:29
139                <action android:name="androidx.profileinstaller.action.INSTALL_PROFILE" />
139-->[androidx.profileinstaller:profileinstaller:1.3.1] AndroidManifest.xml:41:17-91
139-->[androidx.profileinstaller:profileinstaller:1.3.1] AndroidManifest.xml:41:25-88
140            </intent-filter>
141            <intent-filter>
141-->[androidx.profileinstaller:profileinstaller:1.3.1] AndroidManifest.xml:43:13-45:29
142                <action android:name="androidx.profileinstaller.action.SKIP_FILE" />
142-->[androidx.profileinstaller:profileinstaller:1.3.1] AndroidManifest.xml:44:17-85
142-->[androidx.profileinstaller:profileinstaller:1.3.1] AndroidManifest.xml:44:25-82
143            </intent-filter>
144            <intent-filter>
144-->[androidx.profileinstaller:profileinstaller:1.3.1] AndroidManifest.xml:46:13-48:29
145                <action android:name="androidx.profileinstaller.action.SAVE_PROFILE" />
145-->[androidx.profileinstaller:profileinstaller:1.3.1] AndroidManifest.xml:47:17-88
145-->[androidx.profileinstaller:profileinstaller:1.3.1] AndroidManifest.xml:47:25-85
146            </intent-filter>
147            <intent-filter>
147-->[androidx.profileinstaller:profileinstaller:1.3.1] AndroidManifest.xml:49:13-51:29
148                <action android:name="androidx.profileinstaller.action.BENCHMARK_OPERATION" />
148-->[androidx.profileinstaller:profileinstaller:1.3.1] AndroidManifest.xml:50:17-95
148-->[androidx.profileinstaller:profileinstaller:1.3.1] AndroidManifest.xml:50:25-92
149            </intent-filter>
150        </receiver>
151
152        <service
152-->[com.google.android.datatransport:transport-backend-cct:2.3.3] AndroidManifest.xml:29:9-35:19
153            android:name="com.google.android.datatransport.runtime.backends.TransportBackendDiscovery"
153-->[com.google.android.datatransport:transport-backend-cct:2.3.3] AndroidManifest.xml:30:13-103
154            android:exported="false" >
154-->[com.google.android.datatransport:transport-backend-cct:2.3.3] AndroidManifest.xml:31:13-37
155            <meta-data
155-->[com.google.android.datatransport:transport-backend-cct:2.3.3] AndroidManifest.xml:32:13-34:39
156                android:name="backend:com.google.android.datatransport.cct.CctBackendFactory"
156-->[com.google.android.datatransport:transport-backend-cct:2.3.3] AndroidManifest.xml:33:17-94
157                android:value="cct" />
157-->[com.google.android.datatransport:transport-backend-cct:2.3.3] AndroidManifest.xml:34:17-36
158        </service>
159        <service
159-->[com.google.android.datatransport:transport-runtime:2.2.6] AndroidManifest.xml:26:9-30:19
160            android:name="com.google.android.datatransport.runtime.scheduling.jobscheduling.JobInfoSchedulerService"
160-->[com.google.android.datatransport:transport-runtime:2.2.6] AndroidManifest.xml:27:13-117
161            android:exported="false"
161-->[com.google.android.datatransport:transport-runtime:2.2.6] AndroidManifest.xml:28:13-37
162            android:permission="android.permission.BIND_JOB_SERVICE" >
162-->[com.google.android.datatransport:transport-runtime:2.2.6] AndroidManifest.xml:29:13-69
163        </service>
164
165        <receiver
165-->[com.google.android.datatransport:transport-runtime:2.2.6] AndroidManifest.xml:32:9-34:40
166            android:name="com.google.android.datatransport.runtime.scheduling.jobscheduling.AlarmManagerSchedulerBroadcastReceiver"
166-->[com.google.android.datatransport:transport-runtime:2.2.6] AndroidManifest.xml:33:13-132
167            android:exported="false" />
167-->[com.google.android.datatransport:transport-runtime:2.2.6] AndroidManifest.xml:34:13-37
168
169        <meta-data
169-->[com.facebook.soloader:soloader:0.12.1] AndroidManifest.xml:12:9-14:37
170            android:name="com.facebook.soloader.enabled"
170-->[com.facebook.soloader:soloader:0.12.1] AndroidManifest.xml:13:13-57
171            android:value="false" />
171-->[com.facebook.soloader:soloader:0.12.1] AndroidManifest.xml:14:13-34
172    </application>
173
174</manifest>